

Parse error on line 34 in file "/pine/scr/m/i/mixarcid/e2ebind_cache/run_vina/1nf7_B_rec.pdbqt_mol_13.sdf_lig.pdbqt": ATOM syntax incorrect: "CG0" is not a valid AutoDock type. Note that AutoDock atom types are case-sensitive.


Parse error on line 29 in file "/pine/scr/m/i/mixarcid/e2ebind_cache/run_vina/4iar_A_rec.pdbqt_mol_143924.sdf_lig.pdbqt": ATOM syntax incorrect: "CG0" is not a valid AutoDock type. Note that AutoDock atom types are case-sensitive.


Parse error on line 30 in file "/pine/scr/m/i/mixarcid/e2ebind_cache/run_vina/4iaq_A_rec.pdbqt_mol_40148.sdf_lig.pdbqt": ATOM syntax incorrect: "CG0" is not a valid AutoDock type. Note that AutoDock atom types are case-sensitive.


Parse error on line 31 in file "/pine/scr/m/i/mixarcid/e2ebind_cache/run_vina/4iaq_A_rec.pdbqt_mol_383717.sdf_lig.pdbqt": ATOM syntax incorrect: "CG0" is not a valid AutoDock type. Note that AutoDock atom types are case-sensitive.


Parse error on line 32 in file "/pine/scr/m/i/mixarcid/e2ebind_cache/run_vina/4iar_A_rec.pdbqt_mol_10093.sdf_lig.pdbqt": ATOM syntax incorrect: "CG0" is not a valid AutoDock type. Note that AutoDock atom types are case-sensitive.


Parse error on line 11 in file "/pine/scr/m/i/mixarcid/e2ebind_cache/run_vina/4iar_A_rec.pdbqt_mol_116308.sdf_lig.pdbqt": ATOM syntax incorrect: "CG0" is not a valid AutoDock type. Note that AutoDock atom types are case-sensitive.


Parse error on line 31 in file "/pine/scr/m/i/mixarcid/e2ebind_cache/run_vina/4iaq_A_rec.pdbqt_mol_493676.sdf_lig.pdbqt": ATOM syntax incorrect: "CG0" is not a valid AutoDock type. Note that AutoDock atom types are case-sensitive.


Parse error on line 31 in file "/pine/scr/m/i/mixarcid/e2ebind_cache/run_vina/4iar_A_rec.pdbqt_mol_23538.sdf_lig.pdbqt": ATOM syntax incorrect: "CG0" is not a valid AutoDock type. Note that AutoDock atom types are case-sensitive.


Parse error on line 47 in file "/pine/scr/m/i/mixarcid/e2ebind_cache/run_vina/4iaq_A_rec.pdbqt_mol_241327.sdf_lig.pdbqt": ATOM syntax incorrect: "CG0" is not a valid AutoDock type. Note that AutoDock atom types are case-sensitive.


Parse error on line 52 in file "/pine/scr/m/i/mixarcid/e2ebind_cache/run_vina/4iar_A_rec.pdbqt_mol_101311.sdf_lig.pdbqt": ATOM syntax incorrect: "CG0" is not a valid AutoDock type. Note that AutoDock atom types are case-sensitive.


Parse error on line 44 in file "/pine/scr/m/i/mixarcid/e2ebind_cache/run_vina/4iaq_A_rec.pdbqt_mol_229310.sdf_lig.pdbqt": ATOM syntax incorrect: "CG0" is not a valid AutoDock type. Note that AutoDock atom types are case-sensitive.


Parse error on line 33 in file "/pine/scr/m/i/mixarcid/e2ebind_cache/run_vina/4iaq_A_rec.pdbqt_mol_574667.sdf_lig.pdbqt": ATOM syntax incorrect: "CG0" is not a valid AutoDock type. Note that AutoDock atom types are case-sensitive.


Parse error on line 30 in file "/pine/scr/m/i/mixarcid/e2ebind_cache/run_vina/4iar_A_rec.pdbqt_mol_98020.sdf_lig.pdbqt": ATOM syntax incorrect: "CG0" is not a valid AutoDock type. Note that AutoDock atom types are case-sensitive.


Parse error on line 36 in file "/pine/scr/m/i/mixarcid/e2ebind_cache/run_vina/4iaq_A_rec.pdbqt_mol_569323.sdf_lig.pdbqt": ATOM syntax incorrect: "CG0" is not a valid AutoDock type. Note that AutoDock atom types are case-sensitive.


Parse error on line 39 in file "/pine/scr/m/i/mixarcid/e2ebind_cache/run_vina/4iaq_A_rec.pdbqt_mol_560658.sdf_lig.pdbqt": ATOM syntax incorrect: "CG0" is not a valid AutoDock type. Note that AutoDock atom types are case-sensitive.


Parse error on line 27 in file "/pine/scr/m/i/mixarcid/e2ebind_cache/run_vina/4iaq_A_rec.pdbqt_mol_328138.sdf_lig.pdbqt": ATOM syntax incorrect: "CG0" is not a valid AutoDock type. Note that AutoDock atom types are case-sensitive.


Parse error on line 33 in file "/pine/scr/m/i/mixarcid/e2ebind_cache/run_vina/4iar_A_rec.pdbqt_mol_583389.sdf_lig.pdbqt": ATOM syntax incorrect: "CG0" is not a valid AutoDock type. Note that AutoDock atom types are case-sensitive.


Parse error on line 39 in file "/pine/scr/m/i/mixarcid/e2ebind_cache/run_vina/4iaq_A_rec.pdbqt_mol_205248.sdf_lig.pdbqt": ATOM syntax incorrect: "CG0" is not a valid AutoDock type. Note that AutoDock atom types are case-sensitive.


Parse error on line 32 in file "/pine/scr/m/i/mixarcid/e2ebind_cache/run_vina/4iar_A_rec.pdbqt_mol_330839.sdf_lig.pdbqt": ATOM syntax incorrect: "CG0" is not a valid AutoDock type. Note that AutoDock atom types are case-sensitive.


Parse error on line 51 in file "/pine/scr/m/i/mixarcid/e2ebind_cache/run_vina/4ib4_A_rec.pdbqt_mol_313882.sdf_lig.pdbqt": ATOM syntax incorrect: "CG0" is not a valid AutoDock type. Note that AutoDock atom types are case-sensitive.


Parse error on line 21 in file "/pine/scr/m/i/mixarcid/e2ebind_cache/run_vina/4ib4_A_rec.pdbqt_mol_592.sdf_lig.pdbqt": ATOM syntax incorrect: "CG0" is not a valid AutoDock type. Note that AutoDock atom types are case-sensitive.


Parse error on line 45 in file "/pine/scr/m/i/mixarcid/e2ebind_cache/run_vina/5tvn_A_rec.pdbqt_mol_167806.sdf_lig.pdbqt": ATOM syntax incorrect: "CG0" is not a valid AutoDock type. Note that AutoDock atom types are case-sensitive.


Parse error on line 24 in file "/pine/scr/m/i/mixarcid/e2ebind_cache/run_vina/5tvn_A_rec.pdbqt_mol_404799.sdf_lig.pdbqt": ATOM syntax incorrect: "CG0" is not a valid AutoDock type. Note that AutoDock atom types are case-sensitive.


Parse error on line 51 in file "/pine/scr/m/i/mixarcid/e2ebind_cache/run_vina/5tvn_A_rec.pdbqt_mol_519673.sdf_lig.pdbqt": ATOM syntax incorrect: "CG0" is not a valid AutoDock type. Note that AutoDock atom types are case-sensitive.


Parse error on line 35 in file "/pine/scr/m/i/mixarcid/e2ebind_cache/run_vina/5tvn_A_rec.pdbqt_mol_501687.sdf_lig.pdbqt": ATOM syntax incorrect: "CG0" is not a valid AutoDock type. Note that AutoDock atom types are case-sensitive.


Parse error on line 31 in file "/pine/scr/m/i/mixarcid/e2ebind_cache/run_vina/3a7z_A_rec.pdbqt_mol_703.sdf_lig.pdbqt": ATOM syntax incorrect: "CG0" is not a valid AutoDock type. Note that AutoDock atom types are case-sensitive.


Parse error on line 30 in file "/pine/scr/m/i/mixarcid/e2ebind_cache/run_vina/1eb2_A_rec.pdbqt_mol_704.sdf_lig.pdbqt": ATOM syntax incorrect: "CG0" is not a valid AutoDock type. Note that AutoDock atom types are case-sensitive.


Parse error on line 32 in file "/pine/scr/m/i/mixarcid/e2ebind_cache/run_vina/3upe_A_rec.pdbqt_mol_705.sdf_lig.pdbqt": ATOM syntax incorrect: "CG0" is not a valid AutoDock type. Note that AutoDock atom types are case-sensitive.


Parse error on line 32 in file "/pine/scr/m/i/mixarcid/e2ebind_cache/run_vina/2ayw_A_rec.pdbqt_mol_707.sdf_lig.pdbqt": ATOM syntax incorrect: "CG0" is not a valid AutoDock type. Note that AutoDock atom types are case-sensitive.


Parse error on line 30 in file "/pine/scr/m/i/mixarcid/e2ebind_cache/run_vina/1y3u_A_rec.pdbqt_mol_708.sdf_lig.pdbqt": ATOM syntax incorrect: "CG0" is not a valid AutoDock type. Note that AutoDock atom types are case-sensitive.


Parse error on line 30 in file "/pine/scr/m/i/mixarcid/e2ebind_cache/run_vina/1o35_A_rec.pdbqt_mol_711.sdf_lig.pdbqt": ATOM syntax incorrect: "CG0" is not a valid AutoDock type. Note that AutoDock atom types are case-sensitive.


Parse error on line 7 in file "/pine/scr/m/i/mixarcid/e2ebind_cache/run_vina/2jkv_A_rec.pdbqt_mol_718.sdf_lig.pdbqt": ATOM syntax incorrect: "nan" is not a valid charge


Parse error on line 18 in file "/pine/scr/m/i/mixarcid/e2ebind_cache/run_vina/2jkv_A_rec.pdbqt_mol_428962.sdf_lig.pdbqt": ATOM syntax incorrect: "CG0" is not a valid AutoDock type. Note that AutoDock atom types are case-sensitive.


Parse error on line 45 in file "/pine/scr/m/i/mixarcid/e2ebind_cache/run_vina/1v79_A_rec.pdbqt_mol_726.sdf_lig.pdbqt": ATOM syntax incorrect: "CG0" is not a valid AutoDock type. Note that AutoDock atom types are case-sensitive.


Parse error on line 35 in file "/pine/scr/m/i/mixarcid/e2ebind_cache/run_vina/1vfl_A_rec.pdbqt_mol_727.sdf_lig.pdbqt": ATOM syntax incorrect: "CG0" is not a valid AutoDock type. Note that AutoDock atom types are case-sensitive.


Parse error on line 37 in file "/pine/scr/m/i/mixarcid/e2ebind_cache/run_vina/1v7a_A_rec.pdbqt_mol_728.sdf_lig.pdbqt": ATOM syntax incorrect: "CG0" is not a valid AutoDock type. Note that AutoDock atom types are case-sensitive.


Parse error on line 37 in file "/pine/scr/m/i/mixarcid/e2ebind_cache/run_vina/1v79_A_rec.pdbqt_mol_729.sdf_lig.pdbqt": ATOM syntax incorrect: "CG0" is not a valid AutoDock type. Note that AutoDock atom types are case-sensitive.


Parse error on line 43 in file "/pine/scr/m/i/mixarcid/e2ebind_cache/run_vina/1o5r_A_rec.pdbqt_mol_730.sdf_lig.pdbqt": ATOM syntax incorrect: "CG0" is not a valid AutoDock type. Note that AutoDock atom types are case-sensitive.


Parse error on line 35 in file "/pine/scr/m/i/mixarcid/e2ebind_cache/run_vina/5n2s_A_rec.pdbqt_mol_543813.sdf_lig.pdbqt": ATOM syntax incorrect: "CG0" is not a valid AutoDock type. Note that AutoDock atom types are case-sensitive.


Parse error on line 37 in file "/pine/scr/m/i/mixarcid/e2ebind_cache/run_vina/5n2s_A_rec.pdbqt_mol_559269.sdf_lig.pdbqt": ATOM syntax incorrect: "CG0" is not a valid AutoDock type. Note that AutoDock atom types are case-sensitive.


Parse error on line 42 in file "/pine/scr/m/i/mixarcid/e2ebind_cache/run_vina/5n2s_A_rec.pdbqt_mol_805.sdf_lig.pdbqt": ATOM syntax incorrect: "CG0" is not a valid AutoDock type. Note that AutoDock atom types are case-sensitive.


Parse error on line 49 in file "/pine/scr/m/i/mixarcid/e2ebind_cache/run_vina/5n2s_A_rec.pdbqt_mol_348418.sdf_lig.pdbqt": ATOM syntax incorrect: "CG0" is not a valid AutoDock type. Note that AutoDock atom types are case-sensitive.


Parse error on line 49 in file "/pine/scr/m/i/mixarcid/e2ebind_cache/run_vina/5n2s_A_rec.pdbqt_mol_408199.sdf_lig.pdbqt": ATOM syntax incorrect: "CG0" is not a valid AutoDock type. Note that AutoDock atom types are case-sensitive.


Parse error on line 30 in file "/pine/scr/m/i/mixarcid/e2ebind_cache/run_vina/5n2s_A_rec.pdbqt_mol_330838.sdf_lig.pdbqt": ATOM syntax incorrect: "CG0" is not a valid AutoDock type. Note that AutoDock atom types are case-sensitive.


Parse error on line 28 in file "/pine/scr/m/i/mixarcid/e2ebind_cache/run_vina/5n2s_A_rec.pdbqt_mol_15272.sdf_lig.pdbqt": ATOM syntax incorrect: "CG0" is not a valid AutoDock type. Note that AutoDock atom types are case-sensitive.


Parse error on line 51 in file "/pine/scr/m/i/mixarcid/e2ebind_cache/run_vina/5n2s_A_rec.pdbqt_mol_493974.sdf_lig.pdbqt": ATOM syntax incorrect: "CG0" is not a valid AutoDock type. Note that AutoDock atom types are case-sensitive.
multiprocessing.pool.RemoteTraceback: 
"""
Traceback (most recent call last):
  File "/nas/longleaf/home/mixarcid/miniconda3/lib/python3.9/multiprocessing/pool.py", line 125, in worker
    result = (True, func(*args, **kwds))
  File "/nas/longleaf/home/mixarcid/plantain/vina_bigbind.py", line 107, in get_vina_score
    ret = run_vina(cfg, out_folder, i, row, lig_file, rec_file)
  File "/nas/longleaf/home/mixarcid/plantain/vina_bigbind.py", line 79, in run_vina
    preparator.write_pdbqt_file(lig_pdbqt)
  File "/nas/longleaf/home/mixarcid/miniconda3/lib/python3.9/site-packages/meeko/preparation.py", line 204, in write_pdbqt_file
    w.write(self.write_pdbqt_string(add_index_map, remove_smiles))
  File "/nas/longleaf/home/mixarcid/miniconda3/lib/python3.9/site-packages/meeko/preparation.py", line 198, in write_pdbqt_string
    return self._writer.write_string(self.setup, add_index_map, remove_smiles)
  File "/nas/longleaf/home/mixarcid/miniconda3/lib/python3.9/site-packages/meeko/writer.py", line 144, in write_string
    smiles, order = self.setup.get_smiles_and_order()
  File "/nas/longleaf/home/mixarcid/miniconda3/lib/python3.9/site-packages/meeko/molsetup.py", line 577, in get_smiles_and_order
    raise RuntimeError(msg)
RuntimeError: Can't handle 3 explicit H for each heavy atomin noH mol.
Was expecting only imines [H]N=

"""

The above exception was the direct cause of the following exception:

Traceback (most recent call last):
  File "/nas/longleaf/home/mixarcid/plantain/vina_bigbind.py", line 129, in <module>
    for ret_file in p.imap_unordered(score_fn, screen_df.iterrows()):
  File "/nas/longleaf/home/mixarcid/miniconda3/lib/python3.9/multiprocessing/pool.py", line 870, in next
    raise value
RuntimeError: Can't handle 3 explicit H for each heavy atomin noH mol.
Was expecting only imines [H]N=

